# QuestaSim-64 vopt 10.6c Compiler 2017.07 Jul 26 2017
# Start time: 20:53:15 on May 15,2023
# vopt -reportprogress 300 tb_top -o top_optimized "+acc" "+cover=sbfec+openhmc_top(rtl)." 
# 
# Top level modules:
# 	tb_top
# 
# Analyzing design...
# -- Loading module tb_top
# -- Importing package mtiUvm.uvm_pkg (uvm-1.1d Built-in)
# -- Importing package tb_params_pkg
# -- Importing package rf_agent_pkg
# -- Importing package hmc_agent_pkg
# -- Importing package cmd_pkg
# -- Importing package tb_pkg
# -- Importing package rf_reg_block_pkg
# -- Importing package seq_pkg
# -- Importing package test_pkg
# -- Loading interface rf_if
# -- Loading interface hmc_agent_if
# -- Loading module openhmc_top
# -- Loading module tx_link
# -- Loading module tx_crc_combine
# -- Loading module rx_link
# -- Loading module rx_crc_compare
# -- Loading module openhmc_rf
# -- Loading module openhmc_counter48
# -- Loading package mtiUvm.questa_uvm_pkg
# -- Loading module crc_128_init
# -- Loading module crc_accu
# -- Loading module openhmc_ram
# -- Loading module tx_scrambler
# -- Loading module rx_lane_logic
# -- Loading module rx_descrambler
# -- Loading module openhmc_sync_fifo
# -- Loading module openhmc_sync_fifo_reg_stage
# -- Loading module openhmc_sync_fifo_reg_based
# -- Loading module openhmc_sva
# Incremental compilation check found 26 design-units (out of 34) may be reused.
# Optimizing 8 design-units (inlining 0/63 module instances):
# -- Optimizing module tb_top(fast)
# -- Optimizing interface hmc_agent_if(fast)
# -- Optimizing package seq_pkg(fast)
# -- Optimizing package test_pkg(fast)
# -- Optimizing interface hmc_agent_if(fast)
# -- Optimizing package tb_pkg(fast)
# -- Optimizing package tb_params_pkg(fast)
# -- Optimizing package hmc_agent_pkg(fast)
# Optimized design name is top_optimized
# End time: 20:53:16 on May 15,2023, Elapsed time: 0:00:01
# Errors: 0, Warnings: 0
# vsim top_optimized -c -assertdebug -debugDB -fsmdebug -coverage "+UVM_TESTNAME=hmc_init_test" 
# Start time: 20:53:16 on May 15,2023
# Loading sv_std.std
# Loading work.rf_if(fast)
# Loading work.hmc_agent_if(fast)
# Loading mtiUvm.uvm_pkg
# Loading work.cmd_pkg(fast)
# Loading work.hmc_agent_pkg(fast)
# Loading work.rf_agent_pkg(fast)
# Loading work.tb_params_pkg(fast)
# Loading work.rf_reg_block_pkg(fast)
# Loading work.tb_pkg(fast)
# Loading work.seq_pkg(fast)
# Loading work.test_pkg(fast)
# Loading work.tb_top(fast)
# Loading work.rf_if(fast)
# Loading work.hmc_agent_if(fast)
# Loading work.openhmc_top(fast)
# Loading work.openhmc_sync_fifo_reg_based(fast)
# Loading work.tx_link(fast)
# Loading work.openhmc_ram(fast)
# Loading work.tx_crc_combine(fast)
# Loading work.crc_128_init(fast)
# Loading work.crc_accu(fast)
# Loading work.tx_scrambler(fast)
# Loading work.rx_link(fast)
# Loading work.rx_lane_logic(fast)
# Loading work.rx_descrambler(fast)
# Loading work.rx_crc_compare(fast)
# Loading work.openhmc_sync_fifo(fast)
# Loading work.openhmc_sync_fifo_reg_stage(fast)
# Loading work.openhmc_ram(fast__1)
# Loading work.openhmc_sync_fifo_reg_based(fast__1)
# Loading work.openhmc_rf(fast)
# Loading work.openhmc_counter48(fast)
# Loading work.openhmc_sva(fast)
# Loading mtiUvm.questa_uvm_pkg(fast)
# Loading C:/questasim64_10.6c/uvm-1.1d\win64\uvm_dpi.dll
# ** Note: (vsim-8900) Creating design debug database vsim.dbg.
# It appears vopt was not run with -debugdb option on this design.
# Advanced Causality and Schematic debug features will not be available.
# 1
# ----------------------------------------------------------------
# UVM-1.1d
# (C) 2007-2013 Mentor Graphics Corporation
# (C) 2007-2013 Cadence Design Systems, Inc.
# (C) 2006-2013 Synopsys, Inc.
# (C) 2011-2013 Cypress Semiconductor Corp.
# ----------------------------------------------------------------
# 
#   ***********       IMPORTANT RELEASE NOTES         ************
# 
#   You are using a version of the UVM library that has been compiled
#   with `UVM_NO_DEPRECATED undefined.
#   See http://www.eda.org/svdb/view.php?id=3313 for more details.
# 
#   You are using a version of the UVM library that has been compiled
#   with `UVM_OBJECT_MUST_HAVE_CONSTRUCTOR undefined.
#   See http://www.eda.org/svdb/view.php?id=3770 for more details.
# 
#       (Specify +UVM_NO_RELNOTES to turn off this notice)
# 
# UVM_WARNING @ 0: reporter [TPRGED] Type name 'hmc_init_vseq' already registered with factory. No string-based lookup support for multiple types with the same type name.
# UVM_WARNING @ 0: reporter [TPRGED] Type name 'vseq_base' already registered with factory. No string-based lookup support for multiple types with the same type name.
# UVM_INFO verilog_src/questa_uvm_pkg-1.2/src/questa_uvm_pkg.sv(215) @ 0: reporter [Questa UVM] QUESTA_UVM-1.2.3
# UVM_INFO verilog_src/questa_uvm_pkg-1.2/src/questa_uvm_pkg.sv(217) @ 0: reporter [Questa UVM]  questa_uvm::init(+struct)
# UVM_INFO @ 0: reporter [RNTST] Running test hmc_init_test...
# UVM_INFO C:\Users\DELL.SXM10\Desktop\My Studies\Graduation Project\HMC_Testbench\TB\questa\env.sv(62) @ 0: uvm_test_top.m_env [env_connect_phase] set up register block seqr
# ----------------------------------------------------------------------
# Name                         Type                          Size  Value
# ----------------------------------------------------------------------
# uvm_test_top                 hmc_init_test                 -     @479 
#   m_env                      env                           -     @560 
#     hmc_agent_h              uvm_agent                     -     @607 
#       driver_hmc_agent_h     uvm_driver #(REQ,RSP)         -     @834 
#         rsp_port             uvm_analysis_port             -     @849 
#         seq_item_port        uvm_seq_item_pull_port        -     @841 
#       mon_req_ap             uvm_analysis_port             -     @864 
#       mon_res_ap             uvm_analysis_port             -     @872 
#       monitor_hmc_agent_h    uvm_monitor                   -     @857 
#         req_ap               uvm_analysis_port             -     @882 
#         res_ap               uvm_analysis_port             -     @890 
#       sequencer_hmc_agent_h  sequencer_hmc_agent           -     @725 
#         rsp_export           uvm_analysis_export           -     @732 
#         seq_item_export      uvm_seq_item_pull_imp         -     @826 
#         arbitration_queue    array                         0     -    
#         lock_queue           array                         0     -    
#         num_last_reqs        integral                      32    'd1  
#         num_last_rsps        integral                      32    'd1  
#     m_rf_agent               uvm_agent                     -     @576 
#       driver                 uvm_driver #(REQ,RSP)         -     @905 
#         rsp_port             uvm_analysis_port             -     @920 
#         seq_item_port        uvm_seq_item_pull_port        -     @912 
#       m_seqr                 rf_sequencer                  -     @928 
#         rsp_export           uvm_analysis_export           -     @935 
#         seq_item_export      uvm_seq_item_pull_imp         -     @1029
#         arbitration_queue    array                         0     -    
#         lock_queue           array                         0     -    
#         num_last_reqs        integral                      32    'd1  
#         num_last_rsps        integral                      32    'd1  
#       monitor                uvm_monitor                   -     @1037
#         rf_ap                uvm_analysis_port             -     @1059
#       rf_ap                  uvm_analysis_port             -     @1044
#     m_rf_hmc2reg_predictor   uvm_reg_predictor #(rf_item)  -     @583 
#       bus_in                 uvm_analysis_imp              -     @590 
#       reg_ap                 uvm_analysis_port             -     @598 
#     m_vseqr                  vsequencer                    -     @614 
#       rsp_export             uvm_analysis_export           -     @621 
#       seq_item_export        uvm_seq_item_pull_imp         -     @715 
#       arbitration_queue      array                         0     -    
#       lock_queue             array                         0     -    
#       num_last_reqs          integral                      32    'd1  
#       num_last_rsps          integral                      32    'd1  
# ----------------------------------------------------------------------
# 
#### Factory Configuration (*)
# 
#   No instance or type overrides are registered with this factory
# 
# All types registered with the factory: 84 total
# (types without type names will not be printed)
# 
#   Type Name
#   ---------
#   base_seq
#   base_test
#   env
#   env_cfg
#   hmc_init_test
#   hmc_init_vseq
#   hmc_initialization_seq
#   hmc_pkt_item
#   hmc_response_seq
#   hmc_state_seq
#   questa_uvm_recorder
#   reg_control
#   reg_counter_reset
#   reg_error_abort_not_cleared
#   reg_errors_on_rx
#   reg_poisoned_packets
#   reg_rcvd_rsp
#   reg_run_length_bit_flip
#   reg_sent_np
#   reg_sent_p
#   reg_sent_r
#   reg_status_general
#   reg_status_init
#   reg_tx_link_retries
#   rf_control_configuration_seq
#   rf_control_sleep_seq
#   rf_item
#   rf_reg2hmc_adapter
#   rf_reg_block
#   rf_reset_seq
#   rf_sequencer
#   rf_status_init_mirror_seq
#   sequencer_hmc_agent
#   vseq_base
#   vsequencer
# (*) Types with no associated type name will be printed as <unknown>
# 
####
# 
# UVM_INFO C:\Users\DELL.SXM10\Desktop\My Studies\Graduation Project\HMC_Testbench\TB\questa\hmc_init_test.sv(16) @ 0: uvm_test_top [HMC_INIT_TEST] Starting test
# UVM_INFO C:\Users\DELL.SXM10\Desktop\My Studies\Graduation Project\HMC_Testbench\TB\questa\hmc_init_vseq.sv(44) @ 0: uvm_test_top.m_env.m_vseqr@@m_hmc_init_vseq [HMC_INIT_SEQ] Executing sequence
# UVM_INFO C:\Users\DELL.SXM10\Desktop\My Studies\Graduation Project\HMC_Testbench\TB\questa\hmc_init_vseq.sv(47) @ 0: uvm_test_top.m_env.m_vseqr@@m_hmc_init_vseq [HMC_INIT_SEQ] Executing rf_control_configuration_seq
# UVM_INFO C:\Users\DELL.SXM10\Desktop\My Studies\Graduation Project\HMC_Testbench\TB\questa\hmc_init_vseq.sv(49) @ 43: uvm_test_top.m_env.m_vseqr@@m_hmc_init_vseq [HMC_INIT_SEQ] rf_control_configuration_seq complete
# UVM_INFO C:\Users\DELL.SXM10\Desktop\My Studies\Graduation Project\HMC_Testbench\TB\questa\hmc_init_vseq.sv(57) @ 43: uvm_test_top.m_env.m_vseqr@@m_hmc_init_vseq [HMC_INIT_SEQ] Executing rf_status_init_mirror_seq
# UVM_INFO C:\Users\DELL.SXM10\Desktop\My Studies\Graduation Project\HMC_Testbench\TB\questa\hmc_init_vseq.sv(78) @ 43: uvm_test_top.m_env.m_vseqr@@m_hmc_init_vseq [HMC_INIT_SEQ] tx_state=00, rx_state=000
# UVM_INFO C:\Users\DELL.SXM10\Desktop\My Studies\Graduation Project\HMC_Testbench\TB\questa\hmc_init_vseq.sv(80) @ 43: uvm_test_top.m_env.m_vseqr@@m_hmc_init_vseq [HMC_INIT_SEQ] Executing hmc_state_seq
# UVM_INFO C:\Users\DELL.SXM10\Desktop\My Studies\Graduation Project\HMC_Testbench\TB\questa\hmc_init_vseq.sv(82) @ 43: uvm_test_top.m_env.m_vseqr@@m_hmc_init_vseq [HMC_INIT_SEQ] hmc_state_seq complete
# UVM_INFO C:\Users\DELL.SXM10\Desktop\My Studies\Graduation Project\HMC_Testbench\TB\questa\hmc_init_vseq.sv(85) @ 43: uvm_test_top.m_env.m_vseqr@@m_hmc_init_vseq [HMC_INIT_SEQ] Executing hmc_initialization_seq
# UVM_INFO C:\Users\DELL.SXM10\Desktop\My Studies\Graduation Project\HMC_Testbench\TB\questa\hmc_init_vseq.sv(87) @ 43: uvm_test_top.m_env.m_vseqr@@m_hmc_init_vseq [HMC_INIT_SEQ] hmc_initialization_seq complete
# UVM_INFO C:\Users\DELL.SXM10\Desktop\My Studies\Graduation Project\HMC_Testbench\TB\questa\hmc_init_vseq.sv(78) @ 43: uvm_test_top.m_env.m_vseqr@@m_hmc_init_vseq [HMC_INIT_SEQ] tx_state=00, rx_state=000
# UVM_INFO C:\Users\DELL.SXM10\Desktop\My Studies\Graduation Project\HMC_Testbench\TB\questa\hmc_init_vseq.sv(80) @ 43: uvm_test_top.m_env.m_vseqr@@m_hmc_init_vseq [HMC_INIT_SEQ] Executing hmc_state_seq
# UVM_INFO C:\Users\DELL.SXM10\Desktop\My Studies\Graduation Project\HMC_Testbench\TB\questa\hmc_init_vseq.sv(82) @ 46: uvm_test_top.m_env.m_vseqr@@m_hmc_init_vseq [HMC_INIT_SEQ] hmc_state_seq complete
# UVM_INFO C:\Users\DELL.SXM10\Desktop\My Studies\Graduation Project\HMC_Testbench\TB\questa\hmc_init_vseq.sv(85) @ 46: uvm_test_top.m_env.m_vseqr@@m_hmc_init_vseq [HMC_INIT_SEQ] Executing hmc_initialization_seq
# UVM_INFO C:\Users\DELL.SXM10\Desktop\My Studies\Graduation Project\HMC_Testbench\TB\questa\hmc_init_vseq.sv(87) @ 46: uvm_test_top.m_env.m_vseqr@@m_hmc_init_vseq [HMC_INIT_SEQ] hmc_initialization_seq complete
# UVM_INFO C:\Users\DELL.SXM10\Desktop\My Studies\Graduation Project\HMC_Testbench\TB\questa\hmc_init_vseq.sv(78) @ 46: uvm_test_top.m_env.m_vseqr@@m_hmc_init_vseq [HMC_INIT_SEQ] tx_state=00, rx_state=000
# UVM_INFO C:\Users\DELL.SXM10\Desktop\My Studies\Graduation Project\HMC_Testbench\TB\questa\hmc_init_vseq.sv(80) @ 46: uvm_test_top.m_env.m_vseqr@@m_hmc_init_vseq [HMC_INIT_SEQ] Executing hmc_state_seq
# UVM_INFO C:\Users\DELL.SXM10\Desktop\My Studies\Graduation Project\HMC_Testbench\TB\questa\hmc_init_vseq.sv(82) @ 50: uvm_test_top.m_env.m_vseqr@@m_hmc_init_vseq [HMC_INIT_SEQ] hmc_state_seq complete
# UVM_INFO C:\Users\DELL.SXM10\Desktop\My Studies\Graduation Project\HMC_Testbench\TB\questa\hmc_init_vseq.sv(85) @ 50: uvm_test_top.m_env.m_vseqr@@m_hmc_init_vseq [HMC_INIT_SEQ] Executing hmc_initialization_seq
# UVM_INFO C:\Users\DELL.SXM10\Desktop\My Studies\Graduation Project\HMC_Testbench\TB\questa\hmc_init_vseq.sv(87) @ 50: uvm_test_top.m_env.m_vseqr@@m_hmc_init_vseq [HMC_INIT_SEQ] hmc_initialization_seq complete
# UVM_INFO C:\Users\DELL.SXM10\Desktop\My Studies\Graduation Project\HMC_Testbench\TB\questa\hmc_init_vseq.sv(78) @ 50: uvm_test_top.m_env.m_vseqr@@m_hmc_init_vseq [HMC_INIT_SEQ] tx_state=00, rx_state=000
# UVM_INFO C:\Users\DELL.SXM10\Desktop\My Studies\Graduation Project\HMC_Testbench\TB\questa\hmc_init_vseq.sv(80) @ 50: uvm_test_top.m_env.m_vseqr@@m_hmc_init_vseq [HMC_INIT_SEQ] Executing hmc_state_seq
# UVM_INFO C:\Users\DELL.SXM10\Desktop\My Studies\Graduation Project\HMC_Testbench\TB\questa\hmc_init_vseq.sv(82) @ 54: uvm_test_top.m_env.m_vseqr@@m_hmc_init_vseq [HMC_INIT_SEQ] hmc_state_seq complete
# UVM_INFO C:\Users\DELL.SXM10\Desktop\My Studies\Graduation Project\HMC_Testbench\TB\questa\hmc_init_vseq.sv(85) @ 54: uvm_test_top.m_env.m_vseqr@@m_hmc_init_vseq [HMC_INIT_SEQ] Executing hmc_initialization_seq
# UVM_INFO C:\Users\DELL.SXM10\Desktop\My Studies\Graduation Project\HMC_Testbench\TB\questa\hmc_init_vseq.sv(87) @ 54: uvm_test_top.m_env.m_vseqr@@m_hmc_init_vseq [HMC_INIT_SEQ] hmc_initialization_seq complete
# UVM_INFO C:\Users\DELL.SXM10\Desktop\My Studies\Graduation Project\HMC_Testbench\TB\questa\hmc_init_vseq.sv(78) @ 54: uvm_test_top.m_env.m_vseqr@@m_hmc_init_vseq [HMC_INIT_SEQ] tx_state=00, rx_state=001
# UVM_INFO C:\Users\DELL.SXM10\Desktop\My Studies\Graduation Project\HMC_Testbench\TB\questa\hmc_init_vseq.sv(80) @ 54: uvm_test_top.m_env.m_vseqr@@m_hmc_init_vseq [HMC_INIT_SEQ] Executing hmc_state_seq
# UVM_INFO C:\Users\DELL.SXM10\Desktop\My Studies\Graduation Project\HMC_Testbench\TB\questa\hmc_init_vseq.sv(82) @ 58: uvm_test_top.m_env.m_vseqr@@m_hmc_init_vseq [HMC_INIT_SEQ] hmc_state_seq complete
# UVM_INFO C:\Users\DELL.SXM10\Desktop\My Studies\Graduation Project\HMC_Testbench\TB\questa\hmc_init_vseq.sv(85) @ 58: uvm_test_top.m_env.m_vseqr@@m_hmc_init_vseq [HMC_INIT_SEQ] Executing hmc_initialization_seq
# UVM_INFO C:\Users\DELL.SXM10\Desktop\My Studies\Graduation Project\HMC_Testbench\TB\questa\hmc_init_vseq.sv(87) @ 58: uvm_test_top.m_env.m_vseqr@@m_hmc_init_vseq [HMC_INIT_SEQ] hmc_initialization_seq complete
# UVM_INFO C:\Users\DELL.SXM10\Desktop\My Studies\Graduation Project\HMC_Testbench\TB\questa\hmc_init_vseq.sv(78) @ 58: uvm_test_top.m_env.m_vseqr@@m_hmc_init_vseq [HMC_INIT_SEQ] tx_state=00, rx_state=001
# UVM_INFO C:\Users\DELL.SXM10\Desktop\My Studies\Graduation Project\HMC_Testbench\TB\questa\hmc_init_vseq.sv(80) @ 58: uvm_test_top.m_env.m_vseqr@@m_hmc_init_vseq [HMC_INIT_SEQ] Executing hmc_state_seq
# UVM_INFO C:\Users\DELL.SXM10\Desktop\My Studies\Graduation Project\HMC_Testbench\TB\questa\hmc_init_vseq.sv(82) @ 62: uvm_test_top.m_env.m_vseqr@@m_hmc_init_vseq [HMC_INIT_SEQ] hmc_state_seq complete
# UVM_INFO C:\Users\DELL.SXM10\Desktop\My Studies\Graduation Project\HMC_Testbench\TB\questa\hmc_init_vseq.sv(85) @ 62: uvm_test_top.m_env.m_vseqr@@m_hmc_init_vseq [HMC_INIT_SEQ] Executing hmc_initialization_seq
# UVM_INFO C:\Users\DELL.SXM10\Desktop\My Studies\Graduation Project\HMC_Testbench\TB\questa\hmc_init_vseq.sv(87) @ 98: uvm_test_top.m_env.m_vseqr@@m_hmc_init_vseq [HMC_INIT_SEQ] hmc_initialization_seq complete
# UVM_INFO C:\Users\DELL.SXM10\Desktop\My Studies\Graduation Project\HMC_Testbench\TB\questa\hmc_init_vseq.sv(78) @ 98: uvm_test_top.m_env.m_vseqr@@m_hmc_init_vseq [HMC_INIT_SEQ] tx_state=01, rx_state=010
# UVM_INFO C:\Users\DELL.SXM10\Desktop\My Studies\Graduation Project\HMC_Testbench\TB\questa\hmc_init_vseq.sv(80) @ 98: uvm_test_top.m_env.m_vseqr@@m_hmc_init_vseq [HMC_INIT_SEQ] Executing hmc_state_seq
# UVM_INFO C:\Users\DELL.SXM10\Desktop\My Studies\Graduation Project\HMC_Testbench\TB\questa\hmc_init_vseq.sv(82) @ 98: uvm_test_top.m_env.m_vseqr@@m_hmc_init_vseq [HMC_INIT_SEQ] hmc_state_seq complete
# UVM_INFO C:\Users\DELL.SXM10\Desktop\My Studies\Graduation Project\HMC_Testbench\TB\questa\hmc_init_vseq.sv(85) @ 98: uvm_test_top.m_env.m_vseqr@@m_hmc_init_vseq [HMC_INIT_SEQ] Executing hmc_initialization_seq
# UVM_INFO C:\Users\DELL.SXM10\Desktop\My Studies\Graduation Project\HMC_Testbench\TB\questa\hmc_init_vseq.sv(87) @ 102: uvm_test_top.m_env.m_vseqr@@m_hmc_init_vseq [HMC_INIT_SEQ] hmc_initialization_seq complete
# UVM_INFO C:\Users\DELL.SXM10\Desktop\My Studies\Graduation Project\HMC_Testbench\TB\questa\hmc_init_vseq.sv(78) @ 102: uvm_test_top.m_env.m_vseqr@@m_hmc_init_vseq [HMC_INIT_SEQ] tx_state=01, rx_state=010
# UVM_INFO C:\Users\DELL.SXM10\Desktop\My Studies\Graduation Project\HMC_Testbench\TB\questa\hmc_init_vseq.sv(80) @ 102: uvm_test_top.m_env.m_vseqr@@m_hmc_init_vseq [HMC_INIT_SEQ] Executing hmc_state_seq
# UVM_INFO C:\Users\DELL.SXM10\Desktop\My Studies\Graduation Project\HMC_Testbench\TB\questa\hmc_init_vseq.sv(82) @ 102: uvm_test_top.m_env.m_vseqr@@m_hmc_init_vseq [HMC_INIT_SEQ] hmc_state_seq complete
# UVM_INFO C:\Users\DELL.SXM10\Desktop\My Studies\Graduation Project\HMC_Testbench\TB\questa\hmc_init_vseq.sv(85) @ 102: uvm_test_top.m_env.m_vseqr@@m_hmc_init_vseq [HMC_INIT_SEQ] Executing hmc_initialization_seq
# UVM_INFO C:\Users\DELL.SXM10\Desktop\My Studies\Graduation Project\HMC_Testbench\TB\questa\hmc_init_vseq.sv(87) @ 106: uvm_test_top.m_env.m_vseqr@@m_hmc_init_vseq [HMC_INIT_SEQ] hmc_initialization_seq complete
# UVM_INFO C:\Users\DELL.SXM10\Desktop\My Studies\Graduation Project\HMC_Testbench\TB\questa\hmc_init_vseq.sv(78) @ 106: uvm_test_top.m_env.m_vseqr@@m_hmc_init_vseq [HMC_INIT_SEQ] tx_state=01, rx_state=010
# UVM_INFO C:\Users\DELL.SXM10\Desktop\My Studies\Graduation Project\HMC_Testbench\TB\questa\hmc_init_vseq.sv(80) @ 106: uvm_test_top.m_env.m_vseqr@@m_hmc_init_vseq [HMC_INIT_SEQ] Executing hmc_state_seq
# UVM_INFO C:\Users\DELL.SXM10\Desktop\My Studies\Graduation Project\HMC_Testbench\TB\questa\hmc_init_vseq.sv(82) @ 106: uvm_test_top.m_env.m_vseqr@@m_hmc_init_vseq [HMC_INIT_SEQ] hmc_state_seq complete
# UVM_INFO C:\Users\DELL.SXM10\Desktop\My Studies\Graduation Project\HMC_Testbench\TB\questa\hmc_init_vseq.sv(85) @ 106: uvm_test_top.m_env.m_vseqr@@m_hmc_init_vseq [HMC_INIT_SEQ] Executing hmc_initialization_seq
# UVM_INFO C:\Users\DELL.SXM10\Desktop\My Studies\Graduation Project\HMC_Testbench\TB\questa\hmc_init_vseq.sv(87) @ 110: uvm_test_top.m_env.m_vseqr@@m_hmc_init_vseq [HMC_INIT_SEQ] hmc_initialization_seq complete
# UVM_INFO C:\Users\DELL.SXM10\Desktop\My Studies\Graduation Project\HMC_Testbench\TB\questa\hmc_init_vseq.sv(78) @ 110: uvm_test_top.m_env.m_vseqr@@m_hmc_init_vseq [HMC_INIT_SEQ] tx_state=01, rx_state=010
# UVM_INFO C:\Users\DELL.SXM10\Desktop\My Studies\Graduation Project\HMC_Testbench\TB\questa\hmc_init_vseq.sv(80) @ 110: uvm_test_top.m_env.m_vseqr@@m_hmc_init_vseq [HMC_INIT_SEQ] Executing hmc_state_seq
# UVM_INFO C:\Users\DELL.SXM10\Desktop\My Studies\Graduation Project\HMC_Testbench\TB\questa\hmc_init_vseq.sv(82) @ 110: uvm_test_top.m_env.m_vseqr@@m_hmc_init_vseq [HMC_INIT_SEQ] hmc_state_seq complete
# UVM_INFO C:\Users\DELL.SXM10\Desktop\My Studies\Graduation Project\HMC_Testbench\TB\questa\hmc_init_vseq.sv(85) @ 110: uvm_test_top.m_env.m_vseqr@@m_hmc_init_vseq [HMC_INIT_SEQ] Executing hmc_initialization_seq
# UVM_INFO C:\Users\DELL.SXM10\Desktop\My Studies\Graduation Project\HMC_Testbench\TB\questa\hmc_init_vseq.sv(87) @ 114: uvm_test_top.m_env.m_vseqr@@m_hmc_init_vseq [HMC_INIT_SEQ] hmc_initialization_seq complete
# UVM_INFO C:\Users\DELL.SXM10\Desktop\My Studies\Graduation Project\HMC_Testbench\TB\questa\hmc_init_vseq.sv(78) @ 114: uvm_test_top.m_env.m_vseqr@@m_hmc_init_vseq [HMC_INIT_SEQ] tx_state=01, rx_state=010
# UVM_INFO C:\Users\DELL.SXM10\Desktop\My Studies\Graduation Project\HMC_Testbench\TB\questa\hmc_init_vseq.sv(80) @ 114: uvm_test_top.m_env.m_vseqr@@m_hmc_init_vseq [HMC_INIT_SEQ] Executing hmc_state_seq
# UVM_INFO C:\Users\DELL.SXM10\Desktop\My Studies\Graduation Project\HMC_Testbench\TB\questa\hmc_init_vseq.sv(82) @ 114: uvm_test_top.m_env.m_vseqr@@m_hmc_init_vseq [HMC_INIT_SEQ] hmc_state_seq complete
# UVM_INFO C:\Users\DELL.SXM10\Desktop\My Studies\Graduation Project\HMC_Testbench\TB\questa\hmc_init_vseq.sv(85) @ 114: uvm_test_top.m_env.m_vseqr@@m_hmc_init_vseq [HMC_INIT_SEQ] Executing hmc_initialization_seq
# UVM_INFO C:\Users\DELL.SXM10\Desktop\My Studies\Graduation Project\HMC_Testbench\TB\questa\hmc_init_vseq.sv(87) @ 118: uvm_test_top.m_env.m_vseqr@@m_hmc_init_vseq [HMC_INIT_SEQ] hmc_initialization_seq complete
# UVM_INFO C:\Users\DELL.SXM10\Desktop\My Studies\Graduation Project\HMC_Testbench\TB\questa\hmc_init_vseq.sv(78) @ 118: uvm_test_top.m_env.m_vseqr@@m_hmc_init_vseq [HMC_INIT_SEQ] tx_state=01, rx_state=010
# UVM_INFO C:\Users\DELL.SXM10\Desktop\My Studies\Graduation Project\HMC_Testbench\TB\questa\hmc_init_vseq.sv(80) @ 118: uvm_test_top.m_env.m_vseqr@@m_hmc_init_vseq [HMC_INIT_SEQ] Executing hmc_state_seq
# UVM_INFO C:\Users\DELL.SXM10\Desktop\My Studies\Graduation Project\HMC_Testbench\TB\questa\hmc_init_vseq.sv(82) @ 118: uvm_test_top.m_env.m_vseqr@@m_hmc_init_vseq [HMC_INIT_SEQ] hmc_state_seq complete
# UVM_INFO C:\Users\DELL.SXM10\Desktop\My Studies\Graduation Project\HMC_Testbench\TB\questa\hmc_init_vseq.sv(85) @ 118: uvm_test_top.m_env.m_vseqr@@m_hmc_init_vseq [HMC_INIT_SEQ] Executing hmc_initialization_seq
# UVM_INFO C:\Users\DELL.SXM10\Desktop\My Studies\Graduation Project\HMC_Testbench\TB\questa\hmc_init_vseq.sv(87) @ 122: uvm_test_top.m_env.m_vseqr@@m_hmc_init_vseq [HMC_INIT_SEQ] hmc_initialization_seq complete
# UVM_INFO C:\Users\DELL.SXM10\Desktop\My Studies\Graduation Project\HMC_Testbench\TB\questa\hmc_init_vseq.sv(78) @ 122: uvm_test_top.m_env.m_vseqr@@m_hmc_init_vseq [HMC_INIT_SEQ] tx_state=01, rx_state=010
# UVM_INFO C:\Users\DELL.SXM10\Desktop\My Studies\Graduation Project\HMC_Testbench\TB\questa\hmc_init_vseq.sv(80) @ 122: uvm_test_top.m_env.m_vseqr@@m_hmc_init_vseq [HMC_INIT_SEQ] Executing hmc_state_seq
# UVM_INFO C:\Users\DELL.SXM10\Desktop\My Studies\Graduation Project\HMC_Testbench\TB\questa\hmc_init_vseq.sv(82) @ 122: uvm_test_top.m_env.m_vseqr@@m_hmc_init_vseq [HMC_INIT_SEQ] hmc_state_seq complete
# UVM_INFO C:\Users\DELL.SXM10\Desktop\My Studies\Graduation Project\HMC_Testbench\TB\questa\hmc_init_vseq.sv(85) @ 122: uvm_test_top.m_env.m_vseqr@@m_hmc_init_vseq [HMC_INIT_SEQ] Executing hmc_initialization_seq
# UVM_INFO C:\Users\DELL.SXM10\Desktop\My Studies\Graduation Project\HMC_Testbench\TB\questa\hmc_init_vseq.sv(87) @ 126: uvm_test_top.m_env.m_vseqr@@m_hmc_init_vseq [HMC_INIT_SEQ] hmc_initialization_seq complete
# UVM_INFO C:\Users\DELL.SXM10\Desktop\My Studies\Graduation Project\HMC_Testbench\TB\questa\hmc_init_vseq.sv(78) @ 126: uvm_test_top.m_env.m_vseqr@@m_hmc_init_vseq [HMC_INIT_SEQ] tx_state=01, rx_state=010
# UVM_INFO C:\Users\DELL.SXM10\Desktop\My Studies\Graduation Project\HMC_Testbench\TB\questa\hmc_init_vseq.sv(80) @ 126: uvm_test_top.m_env.m_vseqr@@m_hmc_init_vseq [HMC_INIT_SEQ] Executing hmc_state_seq
# UVM_INFO C:\Users\DELL.SXM10\Desktop\My Studies\Graduation Project\HMC_Testbench\TB\questa\hmc_init_vseq.sv(82) @ 126: uvm_test_top.m_env.m_vseqr@@m_hmc_init_vseq [HMC_INIT_SEQ] hmc_state_seq complete
# UVM_INFO C:\Users\DELL.SXM10\Desktop\My Studies\Graduation Project\HMC_Testbench\TB\questa\hmc_init_vseq.sv(85) @ 126: uvm_test_top.m_env.m_vseqr@@m_hmc_init_vseq [HMC_INIT_SEQ] Executing hmc_initialization_seq
# UVM_INFO C:\Users\DELL.SXM10\Desktop\My Studies\Graduation Project\HMC_Testbench\TB\questa\hmc_init_vseq.sv(87) @ 130: uvm_test_top.m_env.m_vseqr@@m_hmc_init_vseq [HMC_INIT_SEQ] hmc_initialization_seq complete
# UVM_INFO C:\Users\DELL.SXM10\Desktop\My Studies\Graduation Project\HMC_Testbench\TB\questa\hmc_init_vseq.sv(78) @ 130: uvm_test_top.m_env.m_vseqr@@m_hmc_init_vseq [HMC_INIT_SEQ] tx_state=01, rx_state=010
# UVM_INFO C:\Users\DELL.SXM10\Desktop\My Studies\Graduation Project\HMC_Testbench\TB\questa\hmc_init_vseq.sv(80) @ 130: uvm_test_top.m_env.m_vseqr@@m_hmc_init_vseq [HMC_INIT_SEQ] Executing hmc_state_seq
# UVM_INFO C:\Users\DELL.SXM10\Desktop\My Studies\Graduation Project\HMC_Testbench\TB\questa\hmc_init_vseq.sv(82) @ 130: uvm_test_top.m_env.m_vseqr@@m_hmc_init_vseq [HMC_INIT_SEQ] hmc_state_seq complete
# UVM_INFO C:\Users\DELL.SXM10\Desktop\My Studies\Graduation Project\HMC_Testbench\TB\questa\hmc_init_vseq.sv(85) @ 130: uvm_test_top.m_env.m_vseqr@@m_hmc_init_vseq [HMC_INIT_SEQ] Executing hmc_initialization_seq
# UVM_INFO C:\Users\DELL.SXM10\Desktop\My Studies\Graduation Project\HMC_Testbench\TB\questa\hmc_init_vseq.sv(87) @ 134: uvm_test_top.m_env.m_vseqr@@m_hmc_init_vseq [HMC_INIT_SEQ] hmc_initialization_seq complete
# UVM_INFO C:\Users\DELL.SXM10\Desktop\My Studies\Graduation Project\HMC_Testbench\TB\questa\hmc_init_vseq.sv(78) @ 134: uvm_test_top.m_env.m_vseqr@@m_hmc_init_vseq [HMC_INIT_SEQ] tx_state=01, rx_state=010
# UVM_INFO C:\Users\DELL.SXM10\Desktop\My Studies\Graduation Project\HMC_Testbench\TB\questa\hmc_init_vseq.sv(80) @ 134: uvm_test_top.m_env.m_vseqr@@m_hmc_init_vseq [HMC_INIT_SEQ] Executing hmc_state_seq
# UVM_INFO C:\Users\DELL.SXM10\Desktop\My Studies\Graduation Project\HMC_Testbench\TB\questa\hmc_init_vseq.sv(82) @ 134: uvm_test_top.m_env.m_vseqr@@m_hmc_init_vseq [HMC_INIT_SEQ] hmc_state_seq complete
# UVM_INFO C:\Users\DELL.SXM10\Desktop\My Studies\Graduation Project\HMC_Testbench\TB\questa\hmc_init_vseq.sv(85) @ 134: uvm_test_top.m_env.m_vseqr@@m_hmc_init_vseq [HMC_INIT_SEQ] Executing hmc_initialization_seq
# UVM_INFO C:\Users\DELL.SXM10\Desktop\My Studies\Graduation Project\HMC_Testbench\TB\questa\hmc_init_vseq.sv(87) @ 138: uvm_test_top.m_env.m_vseqr@@m_hmc_init_vseq [HMC_INIT_SEQ] hmc_initialization_seq complete
# UVM_INFO C:\Users\DELL.SXM10\Desktop\My Studies\Graduation Project\HMC_Testbench\TB\questa\hmc_init_vseq.sv(78) @ 138: uvm_test_top.m_env.m_vseqr@@m_hmc_init_vseq [HMC_INIT_SEQ] tx_state=01, rx_state=010
# UVM_INFO C:\Users\DELL.SXM10\Desktop\My Studies\Graduation Project\HMC_Testbench\TB\questa\hmc_init_vseq.sv(80) @ 138: uvm_test_top.m_env.m_vseqr@@m_hmc_init_vseq [HMC_INIT_SEQ] Executing hmc_state_seq
# UVM_INFO C:\Users\DELL.SXM10\Desktop\My Studies\Graduation Project\HMC_Testbench\TB\questa\hmc_init_vseq.sv(82) @ 138: uvm_test_top.m_env.m_vseqr@@m_hmc_init_vseq [HMC_INIT_SEQ] hmc_state_seq complete
# UVM_INFO C:\Users\DELL.SXM10\Desktop\My Studies\Graduation Project\HMC_Testbench\TB\questa\hmc_init_vseq.sv(85) @ 138: uvm_test_top.m_env.m_vseqr@@m_hmc_init_vseq [HMC_INIT_SEQ] Executing hmc_initialization_seq
# UVM_INFO C:\Users\DELL.SXM10\Desktop\My Studies\Graduation Project\HMC_Testbench\TB\questa\hmc_init_vseq.sv(87) @ 142: uvm_test_top.m_env.m_vseqr@@m_hmc_init_vseq [HMC_INIT_SEQ] hmc_initialization_seq complete
# UVM_INFO C:\Users\DELL.SXM10\Desktop\My Studies\Graduation Project\HMC_Testbench\TB\questa\hmc_init_vseq.sv(78) @ 142: uvm_test_top.m_env.m_vseqr@@m_hmc_init_vseq [HMC_INIT_SEQ] tx_state=01, rx_state=010
# UVM_INFO C:\Users\DELL.SXM10\Desktop\My Studies\Graduation Project\HMC_Testbench\TB\questa\hmc_init_vseq.sv(80) @ 142: uvm_test_top.m_env.m_vseqr@@m_hmc_init_vseq [HMC_INIT_SEQ] Executing hmc_state_seq
# UVM_INFO C:\Users\DELL.SXM10\Desktop\My Studies\Graduation Project\HMC_Testbench\TB\questa\hmc_init_vseq.sv(82) @ 142: uvm_test_top.m_env.m_vseqr@@m_hmc_init_vseq [HMC_INIT_SEQ] hmc_state_seq complete
# UVM_INFO C:\Users\DELL.SXM10\Desktop\My Studies\Graduation Project\HMC_Testbench\TB\questa\hmc_init_vseq.sv(85) @ 142: uvm_test_top.m_env.m_vseqr@@m_hmc_init_vseq [HMC_INIT_SEQ] Executing hmc_initialization_seq
# UVM_INFO C:\Users\DELL.SXM10\Desktop\My Studies\Graduation Project\HMC_Testbench\TB\questa\hmc_init_vseq.sv(87) @ 146: uvm_test_top.m_env.m_vseqr@@m_hmc_init_vseq [HMC_INIT_SEQ] hmc_initialization_seq complete
# UVM_INFO C:\Users\DELL.SXM10\Desktop\My Studies\Graduation Project\HMC_Testbench\TB\questa\hmc_init_vseq.sv(78) @ 146: uvm_test_top.m_env.m_vseqr@@m_hmc_init_vseq [HMC_INIT_SEQ] tx_state=01, rx_state=010
# UVM_INFO C:\Users\DELL.SXM10\Desktop\My Studies\Graduation Project\HMC_Testbench\TB\questa\hmc_init_vseq.sv(80) @ 146: uvm_test_top.m_env.m_vseqr@@m_hmc_init_vseq [HMC_INIT_SEQ] Executing hmc_state_seq
# UVM_INFO C:\Users\DELL.SXM10\Desktop\My Studies\Graduation Project\HMC_Testbench\TB\questa\hmc_init_vseq.sv(82) @ 146: uvm_test_top.m_env.m_vseqr@@m_hmc_init_vseq [HMC_INIT_SEQ] hmc_state_seq complete
# UVM_INFO C:\Users\DELL.SXM10\Desktop\My Studies\Graduation Project\HMC_Testbench\TB\questa\hmc_init_vseq.sv(85) @ 146: uvm_test_top.m_env.m_vseqr@@m_hmc_init_vseq [HMC_INIT_SEQ] Executing hmc_initialization_seq
# UVM_INFO C:\Users\DELL.SXM10\Desktop\My Studies\Graduation Project\HMC_Testbench\TB\questa\hmc_init_vseq.sv(87) @ 150: uvm_test_top.m_env.m_vseqr@@m_hmc_init_vseq [HMC_INIT_SEQ] hmc_initialization_seq complete
# UVM_INFO C:\Users\DELL.SXM10\Desktop\My Studies\Graduation Project\HMC_Testbench\TB\questa\hmc_init_vseq.sv(78) @ 150: uvm_test_top.m_env.m_vseqr@@m_hmc_init_vseq [HMC_INIT_SEQ] tx_state=01, rx_state=010
# UVM_INFO C:\Users\DELL.SXM10\Desktop\My Studies\Graduation Project\HMC_Testbench\TB\questa\hmc_init_vseq.sv(80) @ 150: uvm_test_top.m_env.m_vseqr@@m_hmc_init_vseq [HMC_INIT_SEQ] Executing hmc_state_seq
# UVM_INFO C:\Users\DELL.SXM10\Desktop\My Studies\Graduation Project\HMC_Testbench\TB\questa\hmc_init_vseq.sv(82) @ 150: uvm_test_top.m_env.m_vseqr@@m_hmc_init_vseq [HMC_INIT_SEQ] hmc_state_seq complete
# UVM_INFO C:\Users\DELL.SXM10\Desktop\My Studies\Graduation Project\HMC_Testbench\TB\questa\hmc_init_vseq.sv(85) @ 150: uvm_test_top.m_env.m_vseqr@@m_hmc_init_vseq [HMC_INIT_SEQ] Executing hmc_initialization_seq
# UVM_INFO C:\Users\DELL.SXM10\Desktop\My Studies\Graduation Project\HMC_Testbench\TB\questa\hmc_init_vseq.sv(87) @ 154: uvm_test_top.m_env.m_vseqr@@m_hmc_init_vseq [HMC_INIT_SEQ] hmc_initialization_seq complete
# UVM_ERROR @ 158: reporter [PCKSZ] 64 bits needed to unpack integral, yet only 0 available.
# UVM_ERROR @ 158: reporter [PCKSZ] 64 bits needed to unpack integral, yet only 0 available.
# ** Error: Assertion error.
#    Time: 158 ns  Scope: tb_top.HMC_IF.run File: C:/Users/DELL.SXM10/Desktop/My Studies/Graduation Project/HMC_Testbench/TB/questa/hmc_agent_if.sv Line: 113
# UVM_INFO C:\Users\DELL.SXM10\Desktop\My Studies\Graduation Project\HMC_Testbench\TB\questa\hmc_init_vseq.sv(67) @ 203: uvm_test_top.m_env.m_vseqr@@m_hmc_init_vseq [HMC_INIT_SEQ] rf_status_init_mirror_seq complete
# UVM_INFO C:\Users\DELL.SXM10\Desktop\My Studies\Graduation Project\HMC_Testbench\TB\questa\hmc_init_vseq.sv(97) @ 203: uvm_test_top.m_env.m_vseqr@@m_hmc_init_vseq [HMC_INIT_SEQ] Sequence complete
# UVM_INFO C:\Users\DELL.SXM10\Desktop\My Studies\Graduation Project\HMC_Testbench\TB\questa\hmc_init_test.sv(21) @ 203: uvm_test_top [HMC_INIT_TEST] Ending test
# UVM_INFO verilog_src/uvm-1.1d/src/base/uvm_objection.svh(1268) @ 203: reporter [TEST_DONE] 'run' phase is ready to proceed to the 'extract' phase
# 
# --- UVM Report Summary ---
# 
# ** Report counts by severity
# UVM_INFO :  113
# UVM_WARNING :    2
# UVM_ERROR :    2
# UVM_FATAL :    0
# ** Report counts by id
# [HMC_INIT_SEQ]   106
# [HMC_INIT_TEST]     2
# [PCKSZ]     2
# [Questa UVM]     2
# [RNTST]     1
# [TEST_DONE]     1
# [TPRGED]     2
# [env_connect_phase]     1
# ** Note: $finish    : C:/questasim64_10.6c/win64/../verilog_src/uvm-1.1d/src/base/uvm_root.svh(430)
#    Time: 203 ns  Iteration: 65  Instance: /tb_top
# 1
# Break in Task uvm_pkg/uvm_root::run_test at C:/questasim64_10.6c/win64/../verilog_src/uvm-1.1d/src/base/uvm_root.svh line 430
